<?xml version="1.0" encoding="UTF-8"?>
<!-- Generated by org.testng.reporters.JUnitXMLReporter -->
<testsuite hostname="Rong" name="Test" tests="5" failures="0" timestamp="21 Sep 2020 08:51:07 GMT" time="1.988" errors="0">
  <testcase name="f" time="1.154" classname="com.llr.Cases.loginTest"/>
  <testcase name="f" time="0.114" classname="com.llr.Cases.loginTest"/>
  <testcase name="f" time="0.094" classname="com.llr.Cases.loginTest"/>
  <testcase name="f" time="0.115" classname="com.llr.Cases.loginTest"/>
  <testcase name="f" time="0.099" classname="com.llr.Cases.GetChannelsTest"/>
</testsuite> <!-- Test -->
