<?xml version="1.0" encoding="UTF-8"?>
<!-- Generated by org.testng.reporters.JUnitXMLReporter -->
<testsuite hostname="Rong" ignored="1" name="Test" tests="5" failures="0" timestamp="2020-09-21T17:48:03 CST" time="2.19" errors="0">
  <testcase name="f" time="1.333" classname="com.llr.Cases.NewTest"/>
  <testcase name="f" time="0.095" classname="com.llr.Cases.NewTest"/>
  <testcase name="f" time="0.1" classname="com.llr.Cases.NewTest"/>
  <testcase name="f" time="0.09" classname="com.llr.Cases.NewTest"/>
  <testcase name="f" time="0.091" classname="com.llr.Cases.NewTest"/>
  <testcase name="@AfterSuite RollBackToExcel" time="0.0" classname="com.llr.Cases.NewTest">
    <ignored/>
  </testcase> <!-- @AfterSuite RollBackToExcel -->
</testsuite> <!-- Test -->
