<?xml version="1.0" encoding="UTF-8" ?>
<testsuite tests="5" failures="0" name="TestSuite" time="2.897" errors="0" skipped="0">
  <properties>
[...]
</properties>
  <testcase classname="com.llr.Cases.loginTest" name="f" time="1.334"/>
  <testcase classname="com.llr.Cases.loginTest" name="f" time="0.095"/>
  <testcase classname="com.llr.Cases.loginTest" name="f" time="0.101"/>
  <testcase classname="com.llr.Cases.loginTest" name="f" time="0.09"/>
  <testcase classname="com.llr.Cases.GetChannelsTest" name="f" time="0.091"/>
</testsuite>